# JRE version: OpenJDK Runtime Environment (8.0_152-b01) (build 1.8.0_152-release-1248-b01)
# Java VM: OpenJDK 64-Bit Server VM (25.152-b01 mixed mode windows-amd64 compressed oops)
Heap:
 PSYoungGen      total 344064K, used 241487K [0x00000000e0000000, 0x00000000f9480000, 0x0000000100000000)
  eden space 316928K, 72% used [0x00000000e0000000,0x00000000ee10d8f0,0x00000000f3580000)
  from space 27136K, 40% used [0x00000000f3580000,0x00000000f40463c8,0x00000000f5000000)
  to   space 25600K, 0% used [0x00000000f7b80000,0x00000000f7b80000,0x00000000f9480000)
 ParOldGen       total 114176K, used 38285K [0x00000000a0000000, 0x00000000a6f80000, 0x00000000e0000000)
  object space 114176K, 33% used [0x00000000a0000000,0x00000000a2563478,0x00000000a6f80000)
 Metaspace       used 85673K, capacity 88640K, committed 88856K, reserved 1126400K
  class space    used 11077K, capacity 11703K, committed 11824K, reserved 1048576K
GC Heap History (10 events):
Event: 25.252 GC heap before
{Heap before GC invocations=12 (full 3):
 PSYoungGen      total 243712K, used 18536K [0x00000000e0000000, 0x00000000f4d00000, 0x0000000100000000)
  eden space 223232K, 0% used [0x00000000e0000000,0x00000000e0000000,0x00000000eda00000)
  from space 20480K, 90% used [0x00000000eda00000,0x00000000eec1a080,0x00000000eee00000)
  to   space 23040K, 0% used [0x00000000f3680000,0x00000000f3680000,0x00000000f4d00000)
 ParOldGen       total 76800K, used 28444K [0x00000000a0000000, 0x00000000a4b00000, 0x00000000e0000000)
  object space 76800K, 37% used [0x00000000a0000000,0x00000000a1bc7208,0x00000000a4b00000)
 Metaspace       used 57656K, capacity 59122K, committed 59160K, reserved 1099776K
  class space    used 7859K, capacity 8240K, committed 8240K, reserved 1048576K
Event: 25.574 GC heap after
Heap after GC invocations=12 (full 3):
 PSYoungGen      total 243712K, used 0K [0x00000000e0000000, 0x00000000f4d00000, 0x0000000100000000)
  eden space 223232K, 0% used [0x00000000e0000000,0x00000000e0000000,0x00000000eda00000)
  from space 20480K, 0% used [0x00000000eda00000,0x00000000eda00000,0x00000000eee00000)
  to   space 23040K, 0% used [0x00000000f3680000,0x00000000f3680000,0x00000000f4d00000)
 ParOldGen       total 114176K, used 31707K [0x00000000a0000000, 0x00000000a6f80000, 0x00000000e0000000)
  object space 114176K, 27% used [0x00000000a0000000,0x00000000a1ef6f40,0x00000000a6f80000)
 Metaspace       used 57656K, capacity 59122K, committed 59160K, reserved 1099776K
  class space    used 7859K, capacity 8240K, committed 8240K, reserved 1048576K
}
Event: 40.752 GC heap before
{Heap before GC invocations=13 (full 3):
 PSYoungGen      total 243712K, used 223232K [0x00000000e0000000, 0x00000000f4d00000, 0x0000000100000000)
  eden space 223232K, 100% used [0x00000000e0000000,0x00000000eda00000,0x00000000eda00000)
  from space 20480K, 0% used [0x00000000eda00000,0x00000000eda00000,0x00000000eee00000)
  to   space 23040K, 0% used [0x00000000f3680000,0x00000000f3680000,0x00000000f4d00000)
 ParOldGen       total 114176K, used 31707K [0x00000000a0000000, 0x00000000a6f80000, 0x00000000e0000000)
  object space 114176K, 27% used [0x00000000a0000000,0x00000000a1ef6f40,0x00000000a6f80000)
 Metaspace       used 63598K, capacity 65114K, committed 65432K, reserved 1105920K
  class space    used 8438K, capacity 8856K, committed 8880K, reserved 1048576K
Event: 40.781 GC heap after
Heap after GC invocations=13 (full 3):
 PSYoungGen      total 273408K, used 6345K [0x00000000e0000000, 0x00000000f3d00000, 0x0000000100000000)
  eden space 266752K, 0% used [0x00000000e0000000,0x00000000e0000000,0x00000000f0480000)
  from space 6656K, 95% used [0x00000000f3680000,0x00000000f3cb24c0,0x00000000f3d00000)
  to   space 22528K, 0% used [0x00000000f1100000,0x00000000f1100000,0x00000000f2700000)
 ParOldGen       total 114176K, used 31715K [0x00000000a0000000, 0x00000000a6f80000, 0x00000000e0000000)
  object space 114176K, 27% used [0x00000000a0000000,0x00000000a1ef8f40,0x00000000a6f80000)
 Metaspace       used 63598K, capacity 65114K, committed 65432K, reserved 1105920K
  class space    used 8438K, capacity 8856K, committed 8880K, reserved 1048576K
}
Event: 49.232 GC heap before
{Heap before GC invocations=14 (full 3):
 PSYoungGen      total 273408K, used 273097K [0x00000000e0000000, 0x00000000f3d00000, 0x0000000100000000)
  eden space 266752K, 100% used [0x00000000e0000000,0x00000000f0480000,0x00000000f0480000)
  from space 6656K, 95% used [0x00000000f3680000,0x00000000f3cb24c0,0x00000000f3d00000)
  to   space 22528K, 0% used [0x00000000f1100000,0x00000000f1100000,0x00000000f2700000)
 ParOldGen       total 114176K, used 31715K [0x00000000a0000000, 0x00000000a6f80000, 0x00000000e0000000)
  object space 114176K, 27% used [0x00000000a0000000,0x00000000a1ef8f40,0x00000000a6f80000)
 Metaspace       used 73626K, capacity 75356K, committed 75416K, reserved 1114112K
  class space    used 9698K, capacity 10155K, committed 10160K, reserved 1048576K
Event: 49.294 GC heap after
Heap after GC invocations=14 (full 3):
 PSYoungGen      total 302080K, used 22519K [0x00000000e0000000, 0x00000000f6b80000, 0x0000000100000000)
  eden space 279552K, 0% used [0x00000000e0000000,0x00000000e0000000,0x00000000f1100000)
  from space 22528K, 99% used [0x00000000f1100000,0x00000000f26fde78,0x00000000f2700000)
  to   space 28160K, 0% used [0x00000000f5000000,0x00000000f5000000,0x00000000f6b80000)
 ParOldGen       total 114176K, used 38269K [0x00000000a0000000, 0x00000000a6f80000, 0x00000000e0000000)
  object space 114176K, 33% used [0x00000000a0000000,0x00000000a255f478,0x00000000a6f80000)
 Metaspace       used 73626K, capacity 75356K, committed 75416K, reserved 1114112K
  class space    used 9698K, capacity 10155K, committed 10160K, reserved 1048576K
}
Event: 55.918 GC heap before
{Heap before GC invocations=15 (full 3):
 PSYoungGen      total 302080K, used 302071K [0x00000000e0000000, 0x00000000f6b80000, 0x0000000100000000)
  eden space 279552K, 100% used [0x00000000e0000000,0x00000000f1100000,0x00000000f1100000)
  from space 22528K, 99% used [0x00000000f1100000,0x00000000f26fde78,0x00000000f2700000)
  to   space 28160K, 0% used [0x00000000f5000000,0x00000000f5000000,0x00000000f6b80000)
 ParOldGen       total 114176K, used 38269K [0x00000000a0000000, 0x00000000a6f80000, 0x00000000e0000000)
  object space 114176K, 33% used [0x00000000a0000000,0x00000000a255f478,0x00000000a6f80000)
 Metaspace       used 79662K, capacity 82176K, committed 82456K, reserved 1120256K
  class space    used 10388K, capacity 10981K, committed 11056K, reserved 1048576K
Event: 55.939 GC heap after
Heap after GC invocations=15 (full 3):
 PSYoungGen      total 345088K, used 10368K [0x00000000e0000000, 0x00000000f7280000, 0x0000000100000000)
  eden space 316928K, 0% used [0x00000000e0000000,0x00000000e0000000,0x00000000f3580000)
  from space 28160K, 36% used [0x00000000f5000000,0x00000000f5a20250,0x00000000f6b80000)
  to   space 27136K, 0% used [0x00000000f3580000,0x00000000f3580000,0x00000000f5000000)
 ParOldGen       total 114176K, used 38277K [0x00000000a0000000, 0x00000000a6f80000, 0x00000000e0000000)
  object space 114176K, 33% used [0x00000000a0000000,0x00000000a2561478,0x00000000a6f80000)
 Metaspace       used 79662K, capacity 82176K, committed 82456K, reserved 1120256K
  class space    used 10388K, capacity 10981K, committed 11056K, reserved 1048576K
}
Event: 61.443 GC heap before
{Heap before GC invocations=16 (full 3):
 PSYoungGen      total 345088K, used 326967K [0x00000000e0000000, 0x00000000f7280000, 0x0000000100000000)
  eden space 316928K, 99% used [0x00000000e0000000,0x00000000f352db78,0x00000000f3580000)
  from space 28160K, 36% used [0x00000000f5000000,0x00000000f5a20250,0x00000000f6b80000)
  to   space 27136K, 0% used [0x00000000f3580000,0x00000000f3580000,0x00000000f5000000)
 ParOldGen       total 114176K, used 38277K [0x00000000a0000000, 0x00000000a6f80000, 0x00000000e0000000)
  object space 114176K, 33% used [0x00000000a0000000,0x00000000a2561478,0x00000000a6f80000)
 Metaspace       used 80701K, capacity 83368K, committed 83608K, reserved 1122304K
  class space    used 10541K, capacity 11149K, committed 11184K, reserved 1048576K
Event: 61.463 GC heap after
Heap after GC invocations=16 (full 3):
 PSYoungGen      total 344064K, used 11032K [0x00000000e0000000, 0x00000000f9480000, 0x0000000100000000)
  eden space 316928K, 0% used [0x00000000e0000000,0x00000000e0000000,0x00000000f3580000)
  from space 27136K, 40% used [0x00000000f3580000,0x00000000f40463c8,0x00000000f5000000)
  to   space 25600K, 0% used [0x00000000f7b80000,0x00000000f7b80000,0x00000000f9480000)
 ParOldGen       total 114176K, used 38285K [0x00000000a0000000, 0x00000000a6f80000, 0x00000000e0000000)
  object space 114176K, 33% used [0x00000000a0000000,0x00000000a2563478,0x00000000a6f80000)
 Metaspace       used 80701K, capacity 83368K, committed 83608K, reserved 1122304K
  class space    used 10541K, capacity 11149K, committed 11184K, reserved 1048576K
}

